生成启动时间为 2020/3/15 16:03:06。
     1>项目“G:\C++上传文件夹\密码强度等级\密码强度等级\密码强度等级.vcxproj”在节点 2 上(Build 个目标)。
     1>ClCompile:
         E:\VS\VS安装地址\VC\bin\CL.exe /c /ZI /nologo /W3 /WX- /sdl /Od /Oy- /D _UNICODE /D UNICODE /Gm /EHsc /RTC1 /MDd /GS /fp:precise /Zc:wchar_t /Zc:forScope /Fo"Debug\\" /Fd"Debug\vc120.pdb" /Gd /TP /analyze- /errorReport:prompt test.cpp
         test.cpp
     1>g:\c++上传文件夹\密码强度等级\密码强度等级\test.cpp(74): error C2065: “点此或手机扫描二维码查看代码编写过程”: 未声明的标识符
     1>g:\c++上传文件夹\密码强度等级\密码强度等级\test.cpp(74): error C2146: 语法错误: 缺少“;”(在标识符“sum2”的前面)
     1>已完成生成项目“G:\C++上传文件夹\密码强度等级\密码强度等级\密码强度等级.vcxproj”(Build 个目标)的操作 - 失败。

生成失败。

已用时间 00:00:03.33
