生成启动时间为 2019/11/27 22:36:46。
     1>项目“G:\C++上传文件夹\deque练习\deque练习\deque练习.vcxproj”在节点 2 上(Build 个目标)。
     1>ClCompile:
         E:\VS\VS安装地址\VC\bin\CL.exe /c /ZI /nologo /W3 /WX- /sdl /Od /Oy- /D _UNICODE /D UNICODE /Gm /EHsc /RTC1 /MDd /GS /fp:precise /Zc:wchar_t /Zc:forScope /Fo"Debug\\" /Fd"Debug\vc120.pdb" /Gd /TP /analyze- /errorReport:prompt test.cpp
         test.cpp
     1>g:\c++上传文件夹\deque练习\deque练习\test.cpp(42): error C3867: “std::deque<int,std::allocator<_Ty>>::cend”:  函数调用缺少参数列表；请使用“&std::deque<int,std::allocator<_Ty>>::cend”创建指向成员的指针
                 with
                 [
                     _Ty=int
                 ]
     1>g:\c++上传文件夹\deque练习\deque练习\test.cpp(42): error C2678: 二进制“!=”: 没有找到接受“std::_Deque_const_iterator<std::_Deque_val<std::_Deque_simple_types<int>>>”类型的左操作数的运算符(或没有可接受的转换)
                 e:\vs\vs安装地址\vc\include\deque(468): 可能是“bool std::_Deque_const_iterator<std::_Deque_val<std::_Deque_simple_types<int>>>::operator !=(const std::_Deque_const_iterator<std::_Deque_val<std::_Deque_simple_types<int>>> &) const”
                 e:\vs\vs安装地址\vc\include\system_error(426): 或       “bool std::operator !=(const std::error_condition &,const std::error_code &) throw()”
                 e:\vs\vs安装地址\vc\include\system_error(419): 或       “bool std::operator !=(const std::error_code &,const std::error_condition &) throw()”
                 e:\vs\vs安装地址\vc\include\exception(522): 或       “bool std::operator !=(const std::exception_ptr &,std::nullptr_t)”
                 e:\vs\vs安装地址\vc\include\exception(517): 或       “bool std::operator !=(std::nullptr_t,const std::exception_ptr &)”
                 e:\vs\vs安装地址\vc\include\exception(512): 或       “bool std::operator !=(const std::exception_ptr &,const std::exception_ptr &)”
                 尝试匹配参数列表“(std::_Deque_const_iterator<std::_Deque_val<std::_Deque_simple_types<int>>>, overloaded-function)”时
     1>已完成生成项目“G:\C++上传文件夹\deque练习\deque练习\deque练习.vcxproj”(Build 个目标)的操作 - 失败。

生成失败。

已用时间 00:00:02.22
